Time resolution is 1 ps
Test   1 Passed
Test   2 Passed
Test   3 Passed
Test   4 Passed
Test   5 Passed
Test   6 Passed
Test   7 Passed
Test   8 Passed
Test   9 Passed
Test  10 Passed
Test  11 Passed
Test  12 Passed
Test  13 Passed
Test  14 Passed
Test  15 Passed
Test  16 Passed
Test  17 Passed
Test  18 Passed
Test  19 Passed
Test  20 Passed
Test  21 Passed
Test  22 Passed
Test  23 Passed
Test  24 Passed
Test  25 Passed
Test  26 Passed
Test  27 Passed
Test  28 Passed
Test  29 Passed
Test  30 Passed
Test  31 Passed
Test  32 Passed
Test  33 Passed
Test  34 Passed
Test  35 Passed
Test  36 Passed
Test  37 Passed
Test  38 Passed
Test  39 Passed
Test  40 Passed
Test  41 Passed
Test  42 Passed
Test  43 Passed
Test  44 Passed
Test  45 Passed
Test  46 Passed
Test  47 Passed
Test  48 Passed
Test  49 Passed
Test  50 Passed
Test  51 Passed
Test  52 Passed
Test  53 Passed
Test  54 Passed
Test  55 Passed
Test  56 Passed
Test  57 Passed
Test  58 Passed
Test  59 Passed
Test  60 Passed
Test  61 Passed
Test  62 Passed
Test  63 Passed
Test  64 Passed
Test  65 Passed
Test  66 Passed
Test  67 Passed
Test  68 Passed
Test  69 Passed
Test  70 Passed
Test  71 Passed
Test  72 Passed
Test  73 Passed
Test  74 Passed
Test  75 Passed
Test  76 Passed
Test  77 Passed
Test  78 Passed
Test  79 Passed
Test  80 Passed
Test  81 Passed
Test  82 Passed
Test  83 Passed
Test  84 Passed
Test  85 Passed
Test  86 Passed
Test  87 Passed
Test  88 Passed
Test  89 Passed
Test  90 Passed
Test  91 Passed
Test  92 Passed
Test  93 Passed
Test  94 Passed
Test  95 Passed
Test  96 Passed
Test  97 Passed
Test  98 Passed
Test  99 Passed
Test 100 Passed
Test Passed for Holding value

All test Passed

$finish called at time : 1305 ns : File "E:/NYU/course/22Fall/AHD/HW/HW4/HW4/HW4.srcs/sim_1/new/RC5_decoder_test.v" Line 81
